c:\users\would\desktop\externalcs2-main\output\intermediate\debug_x64\checkbox.obj
c:\users\would\desktop\externalcs2-main\output\intermediate\debug_x64\main.obj
c:\users\would\desktop\externalcs2-main\output\intermediate\debug_x64\cmemorymanager.obj
c:\users\would\desktop\externalcs2-main\output\intermediate\debug_x64\stringtexturecache.obj
c:\users\would\desktop\externalcs2-main\output\intermediate\debug_x64\ccachedlist.obj
c:\users\would\desktop\externalcs2-main\output\intermediate\debug_x64\globals.obj
c:\users\would\desktop\externalcs2-main\output\intermediate\debug_x64\overlay.obj
c:\users\would\desktop\externalcs2-main\output\intermediate\debug_x64\menu.obj
c:\users\would\desktop\externalcs2-main\output\intermediate\debug_x64\math.obj
c:\users\would\desktop\externalcs2-main\output\intermediate\debug_x64\rectbinpacker.obj
c:\users\would\desktop\externalcs2-main\output\intermediate\debug_x64\sharedstreamwriter.obj
c:\users\would\desktop\externalcs2-main\output\intermediate\debug_x64\roundedrect.obj
c:\users\would\desktop\externalcs2-main\output\intermediate\debug_x64\settings.obj
c:\users\would\desktop\externalcs2-main\output\intermediate\debug_x64\sharedstream.obj
c:\users\would\desktop\externalcs2-main\output\intermediate\debug_x64\vc143.pdb
c:\users\would\desktop\externalcs2-main\output\intermediate\debug_x64\vc143.idb
c:\users\would\desktop\externalcs2-main\output\compilation\debug_x64\externalcs2_debug_x64.exe
c:\users\would\desktop\externalcs2-main\output\intermediate\debug_x64\externalcs2.tlog\cl.11084.write.1.tlog
c:\users\would\desktop\externalcs2-main\output\intermediate\debug_x64\externalcs2.tlog\cl.command.1.tlog
c:\users\would\desktop\externalcs2-main\output\intermediate\debug_x64\externalcs2.tlog\cl.read.1.tlog
c:\users\would\desktop\externalcs2-main\output\intermediate\debug_x64\externalcs2.tlog\link.command.1.tlog
c:\users\would\desktop\externalcs2-main\output\intermediate\debug_x64\externalcs2.tlog\link.read.1.tlog
c:\users\would\desktop\externalcs2-main\output\intermediate\debug_x64\externalcs2.tlog\link.write.1.tlog
